e:\vcproject\exceltransfer\exceltransfer\debug\exceltransfer.pch
e:\vcproject\exceltransfer\exceltransfer\debug\vc120.pdb
e:\vcproject\exceltransfer\exceltransfer\debug\vc120.idb
e:\vcproject\exceltransfer\exceltransfer\debug\stdafx.obj
e:\vcproject\exceltransfer\exceltransfer\debug\exceltransfer.obj
e:\vcproject\exceltransfer\exceltransfer\debug\exceltransferdlg.obj
e:\vcproject\exceltransfer\exceltransfer\debug\illusion_excel_file.obj
e:\vcproject\exceltransfer\debug\exceltransfer.ilk
e:\vcproject\exceltransfer\debug\exceltransfer.exe
e:\vcproject\exceltransfer\debug\exceltransfer.pdb
e:\vcproject\exceltransfer\exceltransfer\debug\exceltransfer.res
e:\vcproject\exceltransfer\exceltransfer\debug\etapi.tli
e:\vcproject\exceltransfer\exceltransfer\debug\etapi.tlh
e:\vcproject\exceltransfer\exceltransfer\debug\exceltransfer.tlog\cl.command.1.tlog
e:\vcproject\exceltransfer\exceltransfer\debug\exceltransfer.tlog\cl.read.1.tlog
e:\vcproject\exceltransfer\exceltransfer\debug\exceltransfer.tlog\cl.write.1.tlog
e:\vcproject\exceltransfer\exceltransfer\debug\exceltransfer.tlog\link.command.1.tlog
e:\vcproject\exceltransfer\exceltransfer\debug\exceltransfer.tlog\link.read.1.tlog
e:\vcproject\exceltransfer\exceltransfer\debug\exceltransfer.tlog\link.write.1.tlog
e:\vcproject\exceltransfer\exceltransfer\debug\exceltransfer.tlog\rc.command.1.tlog
e:\vcproject\exceltransfer\exceltransfer\debug\exceltransfer.tlog\rc.read.1.tlog
e:\vcproject\exceltransfer\exceltransfer\debug\exceltransfer.tlog\rc.write.1.tlog
